Warning: Cannot symlink from /home/metoak/catkin_ws/devel/.private/teb_local_planner/lib/libteb_local_planner.so to existing file /home/metoak/catkin_ws/devel/lib/libteb_local_planner.so
Warning: Source hash: b0690c579222a9858db512e54b785d89
Warning: Dest hash: 81cd06b711be7c4b6d5df6ff0a9f1879
Linked: (/home/metoak/catkin_ws/devel/.private/teb_local_planner/lib/python3/dist-packages/teb_local_planner/__init__.py, /home/metoak/catkin_ws/devel/lib/python3/dist-packages/teb_local_planner/__init__.py)
Linked: (/home/metoak/catkin_ws/devel/.private/teb_local_planner/lib/python3/dist-packages/teb_local_planner/cfg/TebLocalPlannerReconfigureConfig.py, /home/metoak/catkin_ws/devel/lib/python3/dist-packages/teb_local_planner/cfg/TebLocalPlannerReconfigureConfig.py)
Linked: (/home/metoak/catkin_ws/devel/.private/teb_local_planner/lib/python3/dist-packages/teb_local_planner/cfg/__init__.py, /home/metoak/catkin_ws/devel/lib/python3/dist-packages/teb_local_planner/cfg/__init__.py)
Linked: (/home/metoak/catkin_ws/devel/.private/teb_local_planner/lib/python3/dist-packages/teb_local_planner/msg/_TrajectoryMsg.py, /home/metoak/catkin_ws/devel/lib/python3/dist-packages/teb_local_planner/msg/_TrajectoryMsg.py)
Linked: (/home/metoak/catkin_ws/devel/.private/teb_local_planner/lib/python3/dist-packages/teb_local_planner/msg/__init__.py, /home/metoak/catkin_ws/devel/lib/python3/dist-packages/teb_local_planner/msg/__init__.py)
Linked: (/home/metoak/catkin_ws/devel/.private/teb_local_planner/lib/python3/dist-packages/teb_local_planner/msg/_FeedbackMsg.py, /home/metoak/catkin_ws/devel/lib/python3/dist-packages/teb_local_planner/msg/_FeedbackMsg.py)
Linked: (/home/metoak/catkin_ws/devel/.private/teb_local_planner/lib/python3/dist-packages/teb_local_planner/msg/_TrajectoryPointMsg.py, /home/metoak/catkin_ws/devel/lib/python3/dist-packages/teb_local_planner/msg/_TrajectoryPointMsg.py)
Linked: (/home/metoak/catkin_ws/devel/.private/teb_local_planner/lib/pkgconfig/teb_local_planner.pc, /home/metoak/catkin_ws/devel/lib/pkgconfig/teb_local_planner.pc)
Warning: Cannot symlink from /home/metoak/catkin_ws/devel/.private/teb_local_planner/lib/teb_local_planner/test_optim_node to existing file /home/metoak/catkin_ws/devel/lib/teb_local_planner/test_optim_node
Warning: Source hash: 5c565d80b98d74d2942a334d2fbd120a
Warning: Dest hash: 3035dc68eded33e5cbceab3f955794e2
Linked: (/home/metoak/catkin_ws/devel/.private/teb_local_planner/share/common-lisp/ros/teb_local_planner/msg/teb_local_planner-msg.asd, /home/metoak/catkin_ws/devel/share/common-lisp/ros/teb_local_planner/msg/teb_local_planner-msg.asd)
Linked: (/home/metoak/catkin_ws/devel/.private/teb_local_planner/share/common-lisp/ros/teb_local_planner/msg/FeedbackMsg.lisp, /home/metoak/catkin_ws/devel/share/common-lisp/ros/teb_local_planner/msg/FeedbackMsg.lisp)
Linked: (/home/metoak/catkin_ws/devel/.private/teb_local_planner/share/common-lisp/ros/teb_local_planner/msg/_package_TrajectoryPointMsg.lisp, /home/metoak/catkin_ws/devel/share/common-lisp/ros/teb_local_planner/msg/_package_TrajectoryPointMsg.lisp)
Linked: (/home/metoak/catkin_ws/devel/.private/teb_local_planner/share/common-lisp/ros/teb_local_planner/msg/TrajectoryMsg.lisp, /home/metoak/catkin_ws/devel/share/common-lisp/ros/teb_local_planner/msg/TrajectoryMsg.lisp)
Linked: (/home/metoak/catkin_ws/devel/.private/teb_local_planner/share/common-lisp/ros/teb_local_planner/msg/_package.lisp, /home/metoak/catkin_ws/devel/share/common-lisp/ros/teb_local_planner/msg/_package.lisp)
Linked: (/home/metoak/catkin_ws/devel/.private/teb_local_planner/share/common-lisp/ros/teb_local_planner/msg/TrajectoryPointMsg.lisp, /home/metoak/catkin_ws/devel/share/common-lisp/ros/teb_local_planner/msg/TrajectoryPointMsg.lisp)
Linked: (/home/metoak/catkin_ws/devel/.private/teb_local_planner/share/common-lisp/ros/teb_local_planner/msg/_package_FeedbackMsg.lisp, /home/metoak/catkin_ws/devel/share/common-lisp/ros/teb_local_planner/msg/_package_FeedbackMsg.lisp)
Linked: (/home/metoak/catkin_ws/devel/.private/teb_local_planner/share/common-lisp/ros/teb_local_planner/msg/_package_TrajectoryMsg.lisp, /home/metoak/catkin_ws/devel/share/common-lisp/ros/teb_local_planner/msg/_package_TrajectoryMsg.lisp)
Linked: (/home/metoak/catkin_ws/devel/.private/teb_local_planner/share/gennodejs/ros/teb_local_planner/_index.js, /home/metoak/catkin_ws/devel/share/gennodejs/ros/teb_local_planner/_index.js)
Linked: (/home/metoak/catkin_ws/devel/.private/teb_local_planner/share/gennodejs/ros/teb_local_planner/msg/TrajectoryPointMsg.js, /home/metoak/catkin_ws/devel/share/gennodejs/ros/teb_local_planner/msg/TrajectoryPointMsg.js)
Linked: (/home/metoak/catkin_ws/devel/.private/teb_local_planner/share/gennodejs/ros/teb_local_planner/msg/_index.js, /home/metoak/catkin_ws/devel/share/gennodejs/ros/teb_local_planner/msg/_index.js)
Linked: (/home/metoak/catkin_ws/devel/.private/teb_local_planner/share/gennodejs/ros/teb_local_planner/msg/TrajectoryMsg.js, /home/metoak/catkin_ws/devel/share/gennodejs/ros/teb_local_planner/msg/TrajectoryMsg.js)
Linked: (/home/metoak/catkin_ws/devel/.private/teb_local_planner/share/gennodejs/ros/teb_local_planner/msg/FeedbackMsg.js, /home/metoak/catkin_ws/devel/share/gennodejs/ros/teb_local_planner/msg/FeedbackMsg.js)
Linked: (/home/metoak/catkin_ws/devel/.private/teb_local_planner/share/roseus/ros/teb_local_planner/manifest.l, /home/metoak/catkin_ws/devel/share/roseus/ros/teb_local_planner/manifest.l)
Linked: (/home/metoak/catkin_ws/devel/.private/teb_local_planner/share/roseus/ros/teb_local_planner/msg/TrajectoryPointMsg.l, /home/metoak/catkin_ws/devel/share/roseus/ros/teb_local_planner/msg/TrajectoryPointMsg.l)
Linked: (/home/metoak/catkin_ws/devel/.private/teb_local_planner/share/roseus/ros/teb_local_planner/msg/FeedbackMsg.l, /home/metoak/catkin_ws/devel/share/roseus/ros/teb_local_planner/msg/FeedbackMsg.l)
Linked: (/home/metoak/catkin_ws/devel/.private/teb_local_planner/share/roseus/ros/teb_local_planner/msg/TrajectoryMsg.l, /home/metoak/catkin_ws/devel/share/roseus/ros/teb_local_planner/msg/TrajectoryMsg.l)
Linked: (/home/metoak/catkin_ws/devel/.private/teb_local_planner/share/teb_local_planner/cmake/teb_local_plannerConfig-version.cmake, /home/metoak/catkin_ws/devel/share/teb_local_planner/cmake/teb_local_plannerConfig-version.cmake)
Linked: (/home/metoak/catkin_ws/devel/.private/teb_local_planner/share/teb_local_planner/cmake/teb_local_planner-msg-extras.cmake, /home/metoak/catkin_ws/devel/share/teb_local_planner/cmake/teb_local_planner-msg-extras.cmake)
Linked: (/home/metoak/catkin_ws/devel/.private/teb_local_planner/share/teb_local_planner/cmake/teb_local_planner-msg-paths.cmake, /home/metoak/catkin_ws/devel/share/teb_local_planner/cmake/teb_local_planner-msg-paths.cmake)
Warning: Cannot symlink from /home/metoak/catkin_ws/devel/.private/teb_local_planner/share/teb_local_planner/cmake/teb_local_plannerConfig.cmake to existing file /home/metoak/catkin_ws/devel/share/teb_local_planner/cmake/teb_local_plannerConfig.cmake
Warning: Source hash: 94c60dccadc7ab2c7feae9f8a8c0a962
Warning: Dest hash: 637e2849bc056c176e26bb09a4060e8e
Linked: (/home/metoak/catkin_ws/devel/.private/teb_local_planner/share/teb_local_planner/docs/TebLocalPlannerReconfigureConfig.dox, /home/metoak/catkin_ws/devel/share/teb_local_planner/docs/TebLocalPlannerReconfigureConfig.dox)
Linked: (/home/metoak/catkin_ws/devel/.private/teb_local_planner/share/teb_local_planner/docs/TebLocalPlannerReconfigureConfig-usage.dox, /home/metoak/catkin_ws/devel/share/teb_local_planner/docs/TebLocalPlannerReconfigureConfig-usage.dox)
Linked: (/home/metoak/catkin_ws/devel/.private/teb_local_planner/share/teb_local_planner/docs/TebLocalPlannerReconfigureConfig.wikidoc, /home/metoak/catkin_ws/devel/share/teb_local_planner/docs/TebLocalPlannerReconfigureConfig.wikidoc)
Linked: (/home/metoak/catkin_ws/devel/.private/teb_local_planner/include/teb_local_planner/TrajectoryPointMsg.h, /home/metoak/catkin_ws/devel/include/teb_local_planner/TrajectoryPointMsg.h)
Linked: (/home/metoak/catkin_ws/devel/.private/teb_local_planner/include/teb_local_planner/TebLocalPlannerReconfigureConfig.h, /home/metoak/catkin_ws/devel/include/teb_local_planner/TebLocalPlannerReconfigureConfig.h)
Linked: (/home/metoak/catkin_ws/devel/.private/teb_local_planner/include/teb_local_planner/FeedbackMsg.h, /home/metoak/catkin_ws/devel/include/teb_local_planner/FeedbackMsg.h)
Linked: (/home/metoak/catkin_ws/devel/.private/teb_local_planner/include/teb_local_planner/TrajectoryMsg.h, /home/metoak/catkin_ws/devel/include/teb_local_planner/TrajectoryMsg.h)
