[  0%] Built target geometry_msgs_generate_messages_cpp
[  0%] Built target std_msgs_generate_messages_cpp
[  0%] Built target costmap_converter_generate_messages_cpp
[  3%] Built target std_msgs_generate_messages_lisp
[  3%] Built target teb_local_planner_gencfg
[  3%] Built target geometry_msgs_generate_messages_lisp
[  3%] Built target costmap_converter_generate_messages_lisp
[  3%] Built target geometry_msgs_generate_messages_eus
[  3%] Built target std_msgs_generate_messages_eus
[  3%] Built target costmap_converter_generate_messages_eus
[  3%] Built target geometry_msgs_generate_messages_nodejs
[  3%] Built target std_msgs_generate_messages_nodejs
[  3%] Built target costmap_converter_generate_messages_nodejs
[  3%] Built target std_msgs_generate_messages_py
[  3%] Built target geometry_msgs_generate_messages_py
[  3%] Built target costmap_converter_generate_messages_py
[  3%] Built target _teb_local_planner_generate_messages_check_deps_FeedbackMsg
[  3%] Built target _teb_local_planner_generate_messages_check_deps_TrajectoryMsg
[  3%] Built target _teb_local_planner_generate_messages_check_deps_TrajectoryPointMsg
[ 23%] Built target teb_local_planner_generate_messages_cpp
[ 23%] Built target teb_local_planner_generate_messages_lisp
[ 33%] Built target teb_local_planner_generate_messages_nodejs
[ 56%] Built target teb_local_planner_generate_messages_eus
[ 60%] Built target teb_local_planner_generate_messages_py
[ 60%] Built target teb_local_planner_generate_messages
[35m[1mScanning dependencies of target teb_local_planner[0m
[ 63%] [32mBuilding CXX object teb_local_planner/CMakeFiles/teb_local_planner.dir/src/teb_local_planner_ros.cpp.o[0m
[ 66%] [32m[1mLinking CXX shared library /home/metoak/catkin_ws/devel/lib/libteb_local_planner.so[0m
[ 93%] Built target teb_local_planner
[ 96%] [32m[1mLinking CXX executable /home/metoak/catkin_ws/devel/lib/teb_local_planner/test_optim_node[0m
[100%] Built target test_optim_node
